2020-12-20 14:04:16 INFO  root:83 - Made it to tghe login function
2020-12-20 14:41:28 INFO  root:110 - WELCOME TO      || T H E    B A N K ||
2020-12-20 14:41:28 INFO  root:86 - Is this a new user? Enter Yes or Y or No or N
2020-12-20 14:41:43 INFO  root:49 - Enter your user name?
2020-12-20 14:41:45 INFO  root:59 - Enter your password?
2020-12-20 14:41:47 INFO  root:124 - WE VERIFIED A USERRRRR BOOYYYYYY!!!
2020-12-20 14:41:47 INFO  root:110 - WELCOME TO      || T H E    B A N K ||
2020-12-20 14:41:47 INFO  root:86 - Is this a new user? Enter Yes or Y or No or N
2020-12-20 14:59:47 INFO  root:107 - WELCOME TO      || T H E    B A N K ||
2020-12-20 14:59:47 INFO  root:86 - Is this a new user? Enter Yes or Y or No or N
2020-12-20 14:59:50 INFO  root:49 - Enter your user name?
2020-12-20 14:59:51 INFO  root:59 - Enter your password?
2020-12-20 14:59:52 INFO  root:133 - WE MADE IT TO THE MENUSSSSS BAAAAAYYYBBEEEEEEE
2020-12-20 14:59:52 INFO  root:107 - WELCOME TO      || T H E    B A N K ||
2020-12-20 14:59:52 INFO  root:86 - Is this a new user? Enter Yes or Y or No or N
2020-12-20 15:01:25 INFO  root:107 - WELCOME TO      || T H E    B A N K ||
2020-12-20 15:01:25 INFO  root:86 - Is this a new user? Enter Yes or Y or No or N
2020-12-20 15:01:29 INFO  root:49 - Enter your user name?
2020-12-20 15:01:33 INFO  root:59 - Enter your password?
2020-12-20 15:01:35 INFO  root:133 - WE MADE IT TO THE MENUSSSSS BAAAAAYYYBBEEEEEEE
2020-12-20 15:04:00 INFO  root:107 - WELCOME TO      || T H E    B A N K ||
2020-12-20 15:04:00 INFO  root:86 - Is this a new user? Enter Yes or Y or No or N
2020-12-20 15:04:02 INFO  root:49 - Enter your user name?
2020-12-20 15:04:04 INFO  root:59 - Enter your password?
2020-12-20 15:04:05 INFO  root:133 - WE MADE IT TO THE MENUSSSSS BAAAAAYYYBBEEEEEEE
2020-12-20 15:07:30 INFO  root:107 - WELCOME TO      || T H E    B A N K ||
2020-12-20 15:07:30 INFO  root:86 - Is this a new user? Enter Yes or Y or No or N
2020-12-20 15:07:33 INFO  root:49 - Enter your user name?
2020-12-20 15:07:34 INFO  root:59 - Enter your password?
2020-12-20 15:07:35 INFO  root:133 - WE MADE IT TO THE MENUSSSSS BAAAAAYYYBBEEEEEEE
2020-12-20 15:14:00 INFO  root:107 - WELCOME TO      || T H E    B A N K ||
2020-12-20 15:14:00 INFO  root:86 - Is this a new user? Enter Yes or Y or No or N
2020-12-20 15:14:02 INFO  root:49 - Enter your user name?
2020-12-20 15:14:04 INFO  root:59 - Enter your password?
2020-12-20 15:14:05 INFO  root:133 - WE MADE IT TO THE MENUSSSSS BAAAAAYYYBBEEEEEEE
2020-12-20 15:14:05 INFO  root:136 - CUSTOMER MENU
2020-12-20 15:36:01 INFO  root:102 - WELCOME TO      || T H E    B A N K ||
2020-12-20 15:36:01 INFO  root:81 - Is this a new user? Enter Yes or Y or No or N
2020-12-20 15:36:04 INFO  root:48 - Enter your user name?
2020-12-20 15:36:10 INFO  root:55 - Enter your password?
2020-12-20 15:36:12 INFO  root:128 - WE MADE IT TO THE MENUSSSSS BAAAAAYYYBBEEEEEEE
2020-12-20 15:36:12 INFO  root:156 - Hello employee
2020-12-20 15:46:31 INFO  root:102 - WELCOME TO      || T H E    B A N K ||
2020-12-20 15:46:31 INFO  root:81 - Is this a new user? Enter Yes or Y or No or N
2020-12-20 15:46:35 INFO  root:48 - Enter your user name?
2020-12-20 15:46:36 INFO  root:55 - Enter your password?
2020-12-20 15:46:38 INFO  root:128 - WE MADE IT TO THE MENUSSSSS BAAAAAYYYBBEEEEEEE
2020-12-20 15:46:38 INFO  root:192 - Made it to Admin menu
2020-12-20 16:19:31 INFO  root:112 - WELCOME TO      || T H E    B A N K ||
2020-12-20 16:19:31 INFO  root:81 - Is this a new user? Enter Yes or Y or No or N
2020-12-20 16:19:35 INFO  root:115 - Hello new friend! Lets get you set up with a user log in to our system!
2020-12-20 16:19:35 INFO  root:33 - Enter your desired user name?
2020-12-20 16:19:41 INFO  root:42 - Enter your desired password?
2020-12-20 16:19:44 INFO  root:120 - A new User has been created!
2020-12-20 16:19:44 INFO  root:112 - WELCOME TO      || T H E    B A N K ||
2020-12-20 16:19:44 INFO  root:81 - Is this a new user? Enter Yes or Y or No or N
2020-12-20 16:19:48 INFO  root:48 - Enter your user name?
2020-12-20 16:19:50 INFO  root:55 - Enter your password?
2020-12-20 16:19:52 INFO  root:138 - WE MADE IT TO THE MENUSSSSS BAAAAAYYYBBEEEEEEE
2020-12-20 16:19:52 INFO  root:141 - Welcome beeswax
2020-12-20 16:19:52 INFO  root:142 - What would you like to do today??(Enter the number of your choice)
2020-12-20 16:19:52 INFO  root:143 - 0		~		Log Out
2020-12-20 16:19:52 INFO  root:144 - 1		~		View your accounts
2020-12-20 16:19:52 INFO  root:145 - 2		~		Apply for a new account
2020-12-20 16:19:52 INFO  root:146 - 3		~		Add an existing account
2020-12-20 16:20:14 INFO  root:101 - ------------------------------
2020-12-20 16:20:14 INFO  root:102 - Let us create you a safe place to store your hard earned money!
2020-12-20 16:20:14 INFO  root:62 - How much would you like to initially deposit?
2020-12-20 16:37:44 INFO  root:113 - WELCOME TO      || T H E    B A N K ||
2020-12-20 16:37:44 INFO  root:81 - Is this a new user? Enter Yes or Y or No or N
2020-12-20 16:37:55 INFO  root:116 - Hello new friend! Lets get you set up with a user log in to our system!
2020-12-20 16:37:55 INFO  root:33 - Enter your desired user name?
2020-12-20 16:37:58 INFO  root:42 - Enter your desired password?
2020-12-20 16:38:00 INFO  root:121 - A new User has been created!
2020-12-20 16:38:00 INFO  root:113 - WELCOME TO      || T H E    B A N K ||
2020-12-20 16:38:00 INFO  root:81 - Is this a new user? Enter Yes or Y or No or N
2020-12-20 16:38:03 INFO  root:48 - Enter your user name?
2020-12-20 16:38:05 INFO  root:55 - Enter your password?
2020-12-20 16:38:08 INFO  root:139 - WE MADE IT TO THE MENUSSSSS BAAAAAYYYBBEEEEEEE
2020-12-20 16:38:08 INFO  root:142 - Welcome ruth
2020-12-20 16:38:08 INFO  root:143 - What would you like to do today??(Enter the number of your choice)
2020-12-20 16:38:08 INFO  root:144 - 0		~		Log Out
2020-12-20 16:38:08 INFO  root:145 - 1		~		View your accounts
2020-12-20 16:38:08 INFO  root:146 - 2		~		Apply for a new account
2020-12-20 16:38:08 INFO  root:147 - 3		~		Add an existing account
2020-12-20 16:38:12 INFO  root:101 - ------------------------------
2020-12-20 16:38:12 INFO  root:102 - Let us create you a safe place to store your hard earned money!
2020-12-20 16:38:12 INFO  root:62 - How much would you like to initially deposit?
2020-12-20 16:40:14 INFO  root:113 - WELCOME TO      || T H E    B A N K ||
2020-12-20 16:40:14 INFO  root:81 - Is this a new user? Enter Yes or Y or No or N
2020-12-20 16:40:18 INFO  root:48 - Enter your user name?
2020-12-20 16:40:19 INFO  root:55 - Enter your password?
2020-12-20 16:40:21 INFO  root:139 - WE MADE IT TO THE MENUSSSSS BAAAAAYYYBBEEEEEEE
2020-12-20 16:40:21 INFO  root:142 - Welcome ruth
2020-12-20 16:40:21 INFO  root:143 - What would you like to do today??(Enter the number of your choice)
2020-12-20 16:40:21 INFO  root:144 - 0		~		Log Out
2020-12-20 16:40:21 INFO  root:145 - 1		~		View your accounts
2020-12-20 16:40:21 INFO  root:146 - 2		~		Apply for a new account
2020-12-20 16:40:21 INFO  root:147 - 3		~		Add an existing account
2020-12-20 16:40:23 INFO  root:101 - ------------------------------
2020-12-20 16:40:23 INFO  root:102 - Let us create you a safe place to store your hard earned money!
2020-12-20 16:40:23 INFO  root:62 - How much would you like to initially deposit?
2020-12-20 16:47:42 INFO  root:113 - WELCOME TO      || T H E    B A N K ||
2020-12-20 16:47:42 INFO  root:81 - Is this a new user? Enter Yes or Y or No or N
2020-12-20 16:47:45 INFO  root:48 - Enter your user name?
2020-12-20 16:47:46 INFO  root:55 - Enter your password?
2020-12-20 16:47:48 INFO  root:139 - WE MADE IT TO THE MENUSSSSS BAAAAAYYYBBEEEEEEE
2020-12-20 16:47:48 INFO  root:142 - Welcome ruth
2020-12-20 16:47:48 INFO  root:143 - What would you like to do today??(Enter the number of your choice)
2020-12-20 16:47:48 INFO  root:144 - 0		~Log Out
2020-12-20 16:47:48 INFO  root:145 - 1		~View your accounts
2020-12-20 16:47:48 INFO  root:146 - 2		~Apply for a new account
2020-12-20 16:47:48 INFO  root:147 - 3		~Add an existing account
2020-12-20 16:47:50 INFO  root:101 - ------------------------------
2020-12-20 16:47:50 INFO  root:102 - Let us create you a safe place to store your hard earned money!
2020-12-20 16:47:50 INFO  root:62 - How much would you like to initially deposit?
2020-12-20 16:48:21 INFO  root:113 - WELCOME TO      || T H E    B A N K ||
2020-12-20 16:48:21 INFO  root:81 - Is this a new user? Enter Yes or Y or No or N
2020-12-20 16:48:23 INFO  root:48 - Enter your user name?
2020-12-20 16:48:24 INFO  root:55 - Enter your password?
2020-12-20 16:48:25 INFO  root:139 - WE MADE IT TO THE MENUSSSSS BAAAAAYYYBBEEEEEEE
2020-12-20 16:48:25 INFO  root:142 - Welcome ruth
2020-12-20 16:48:25 INFO  root:143 - What would you like to do today??(Enter the number of your choice)
2020-12-20 16:48:25 INFO  root:144 - 0		~Log Out
2020-12-20 16:48:25 INFO  root:145 - 1		~View your accounts
2020-12-20 16:48:25 INFO  root:146 - 2		~Apply for a new account
2020-12-20 16:48:25 INFO  root:147 - 3		~Add an existing account
2020-12-20 16:48:26 INFO  root:101 - ------------------------------
2020-12-20 16:48:26 INFO  root:102 - Let us create you a safe place to store your hard earned money!
2020-12-20 16:48:26 INFO  root:62 - How much would you like to initially deposit?
2020-12-20 16:54:27 INFO  root:113 - WELCOME TO      || T H E    B A N K ||
2020-12-20 16:54:27 INFO  root:81 - Is this a new user? Enter Yes or Y or No or N
2020-12-20 16:54:29 INFO  root:48 - Enter your user name?
2020-12-20 16:54:30 INFO  root:55 - Enter your password?
2020-12-20 16:54:32 INFO  root:139 - WE MADE IT TO THE MENUSSSSS BAAAAAYYYBBEEEEEEE
2020-12-20 16:54:32 INFO  root:142 - Welcome ruth
2020-12-20 16:54:32 INFO  root:143 - What would you like to do today??(Enter the number of your choice)
2020-12-20 16:54:32 INFO  root:144 - 0		~Log Out
2020-12-20 16:54:32 INFO  root:145 - 1		~View your accounts
2020-12-20 16:54:32 INFO  root:146 - 2		~Apply for a new account
2020-12-20 16:54:32 INFO  root:147 - 3		~Add an existing account
2020-12-20 16:54:33 INFO  root:101 - ------------------------------
2020-12-20 16:54:33 INFO  root:102 - Let us create you a safe place to store your hard earned money!
2020-12-20 16:54:33 INFO  root:62 - How much would you like to initially deposit?
2020-12-20 16:55:39 INFO  root:113 - WELCOME TO      || T H E    B A N K ||
2020-12-20 16:55:39 INFO  root:81 - Is this a new user? Enter Yes or Y or No or N
2020-12-20 16:55:40 INFO  root:48 - Enter your user name?
2020-12-20 16:55:42 INFO  root:55 - Enter your password?
2020-12-20 16:55:44 INFO  root:139 - WE MADE IT TO THE MENUSSSSS BAAAAAYYYBBEEEEEEE
2020-12-20 16:55:44 INFO  root:142 - Welcome ruth
2020-12-20 16:55:44 INFO  root:143 - What would you like to do today??(Enter the number of your choice)
2020-12-20 16:55:44 INFO  root:144 - 0		~Log Out
2020-12-20 16:55:44 INFO  root:145 - 1		~View your accounts
2020-12-20 16:55:44 INFO  root:146 - 2		~Apply for a new account
2020-12-20 16:55:44 INFO  root:147 - 3		~Add an existing account
2020-12-20 16:55:46 INFO  root:101 - ------------------------------
2020-12-20 16:55:46 INFO  root:102 - Let us create you a safe place to store your hard earned money!
2020-12-20 16:55:46 INFO  root:62 - How much would you like to initially deposit?
2020-12-20 16:58:01 INFO  root:114 - WELCOME TO      || T H E    B A N K ||
2020-12-20 16:58:01 INFO  root:82 - Is this a new user? Enter Yes or Y or No or N
2020-12-20 16:58:28 INFO  root:116 - WELCOME TO      || T H E    B A N K ||
2020-12-20 16:58:28 INFO  root:82 - Is this a new user? Enter Yes or Y or No or N
2020-12-20 17:02:32 INFO  root:114 - WELCOME TO      || T H E    B A N K ||
2020-12-20 17:02:32 INFO  root:82 - Is this a new user? Enter Yes or Y or No or N
2020-12-20 17:02:34 INFO  root:49 - Enter your user name?
2020-12-20 17:02:35 INFO  root:56 - Enter your password?
2020-12-20 17:02:37 INFO  root:140 - WE MADE IT TO THE MENUSSSSS BAAAAAYYYBBEEEEEEE
2020-12-20 17:02:37 INFO  root:143 - Welcome ruth
2020-12-20 17:02:37 INFO  root:144 - What would you like to do today??(Enter the number of your choice)
2020-12-20 17:02:37 INFO  root:145 - 0		~Log Out
2020-12-20 17:02:37 INFO  root:146 - 1		~View your accounts
2020-12-20 17:02:37 INFO  root:147 - 2		~Apply for a new account
2020-12-20 17:02:37 INFO  root:148 - 3		~Add an existing account
2020-12-20 17:02:39 INFO  root:102 - ------------------------------
2020-12-20 17:02:39 INFO  root:103 - Let us create you a safe place to store your hard earned money!
2020-12-20 17:02:39 INFO  root:63 - How much would you like to initially deposit?
2020-12-20 17:06:04 INFO  root:115 - WELCOME TO      || T H E    B A N K ||
2020-12-20 17:06:04 INFO  root:82 - Is this a new user? Enter Yes or Y or No or N
2020-12-20 17:06:07 INFO  root:49 - Enter your user name?
2020-12-20 17:06:09 INFO  root:56 - Enter your password?
2020-12-20 17:06:10 INFO  root:141 - WE MADE IT TO THE MENUSSSSS BAAAAAYYYBBEEEEEEE
2020-12-20 17:06:10 INFO  root:144 - Welcome ruth
2020-12-20 17:06:10 INFO  root:145 - What would you like to do today??(Enter the number of your choice)
2020-12-20 17:06:10 INFO  root:146 - 0		~Log Out
2020-12-20 17:06:10 INFO  root:147 - 1		~View your accounts
2020-12-20 17:06:10 INFO  root:148 - 2		~Apply for a new account
2020-12-20 17:06:10 INFO  root:149 - 3		~Add an existing account
2020-12-20 17:06:12 INFO  root:102 - ------------------------------
2020-12-20 17:06:12 INFO  root:103 - Let us create you a safe place to store your hard earned money!
2020-12-20 17:06:12 INFO  root:63 - How much would you like to initially deposit?
2020-12-20 19:02:12 INFO  root:217 - WELCOME TO      || T H E    B A N K ||
2020-12-20 19:02:12 INFO  root:82 - Is this a new user? Enter Yes or Y or No or N
2020-12-20 19:02:20 INFO  root:49 - Enter your user name?
2020-12-20 19:02:21 INFO  root:56 - Enter your password?
2020-12-20 19:02:22 INFO  root:243 - WE MADE IT TO THE MENUSSSSS BAAAAAYYYBBEEEEEEE
2020-12-20 19:02:22 INFO  root:246 - Welcome alec
2020-12-20 19:02:22 INFO  root:247 - What would you like to do today??(Enter the number of your choice)
2020-12-20 19:02:22 INFO  root:248 - 0	~ Log Out
2020-12-20 19:02:22 INFO  root:249 - 1	~ View your accounts
2020-12-20 19:02:22 INFO  root:250 - 2	~ Apply for a new account
2020-12-20 19:02:22 INFO  root:251 - 3	~ Add an existing account
2020-12-20 19:06:39 INFO  root:217 - WELCOME TO      || T H E    B A N K ||
2020-12-20 19:06:39 INFO  root:82 - Is this a new user? Enter Yes or Y or No or N
2020-12-20 19:06:42 INFO  root:49 - Enter your user name?
2020-12-20 19:06:44 INFO  root:56 - Enter your password?
2020-12-20 19:06:45 INFO  root:243 - WE MADE IT TO THE MENUSSSSS BAAAAAYYYBBEEEEEEE
2020-12-20 19:06:45 INFO  root:246 - Welcome alec
2020-12-20 19:06:45 INFO  root:247 - What would you like to do today??(Enter the number of your choice)
2020-12-20 19:06:45 INFO  root:248 - 0	~ Log Out
2020-12-20 19:06:45 INFO  root:249 - 1	~ View your accounts
2020-12-20 19:06:45 INFO  root:250 - 2	~ Apply for a new account
2020-12-20 19:06:45 INFO  root:251 - 3	~ Add an existing account
2020-12-20 19:29:43 INFO  root:236 - WELCOME TO      || T H E    B A N K ||
2020-12-20 19:29:43 INFO  root:82 - Is this a new user? Enter Yes or Y or No or N
2020-12-20 19:29:45 INFO  root:49 - Enter your user name?
2020-12-20 19:29:47 INFO  root:56 - Enter your password?
2020-12-20 19:29:48 INFO  root:260 - WE MADE IT TO THE MENUSSSSS BAAAAAYYYBBEEEEEEE
2020-12-20 19:29:48 INFO  root:288 - Hello employee mover
2020-12-20 19:29:48 INFO  root:289 - What would you like to do today??(Enter the number of your choice)
2020-12-20 19:29:48 INFO  root:290 - 0 ~ Log Out
2020-12-20 19:29:48 INFO  root:291 - 1 ~ View All Customers
2020-12-20 19:29:48 INFO  root:292 - 2 ~ View All Accounts
2020-12-20 19:29:48 INFO  root:293 - 3 ~ Search for User by Username
2020-12-20 19:29:48 INFO  root:294 - 4 ~ Search for Account by Account number
2020-12-20 19:29:48 INFO  root:295 - 5 ~ View All Pending Accounts
2020-12-20 19:31:12 INFO  root:238 - WELCOME TO      || T H E    B A N K ||
2020-12-20 19:31:12 INFO  root:82 - Is this a new user? Enter Yes or Y or No or N
2020-12-20 19:31:14 INFO  root:49 - Enter your user name?
2020-12-20 19:31:18 INFO  root:56 - Enter your password?
2020-12-20 19:31:19 INFO  root:262 - WE MADE IT TO THE MENUSSSSS BAAAAAYYYBBEEEEEEE
2020-12-20 19:31:19 INFO  root:290 - Hello employee mover
2020-12-20 19:31:19 INFO  root:291 - What would you like to do today??(Enter the number of your choice)
2020-12-20 19:31:19 INFO  root:292 - 0 ~ Log Out
2020-12-20 19:31:19 INFO  root:293 - 1 ~ View All Customers
2020-12-20 19:31:19 INFO  root:294 - 2 ~ View All Accounts
2020-12-20 19:31:19 INFO  root:295 - 3 ~ Search for User by Username
2020-12-20 19:31:19 INFO  root:296 - 4 ~ Search for Account by Account number
2020-12-20 19:31:19 INFO  root:297 - 5 ~ View All Pending Accounts
2020-12-20 19:31:21 INFO  root:262 - WE MADE IT TO THE MENUSSSSS BAAAAAYYYBBEEEEEEE
2020-12-20 19:31:21 INFO  root:290 - Hello employee mover
2020-12-20 19:31:21 INFO  root:291 - What would you like to do today??(Enter the number of your choice)
2020-12-20 19:31:21 INFO  root:292 - 0 ~ Log Out
2020-12-20 19:31:21 INFO  root:293 - 1 ~ View All Customers
2020-12-20 19:31:21 INFO  root:294 - 2 ~ View All Accounts
2020-12-20 19:31:21 INFO  root:295 - 3 ~ Search for User by Username
2020-12-20 19:31:21 INFO  root:296 - 4 ~ Search for Account by Account number
2020-12-20 19:31:21 INFO  root:297 - 5 ~ View All Pending Accounts
2020-12-20 19:31:31 INFO  root:262 - WE MADE IT TO THE MENUSSSSS BAAAAAYYYBBEEEEEEE
2020-12-20 19:31:31 INFO  root:290 - Hello employee mover
2020-12-20 19:31:31 INFO  root:291 - What would you like to do today??(Enter the number of your choice)
2020-12-20 19:31:31 INFO  root:292 - 0 ~ Log Out
2020-12-20 19:31:31 INFO  root:293 - 1 ~ View All Customers
2020-12-20 19:31:31 INFO  root:294 - 2 ~ View All Accounts
2020-12-20 19:31:31 INFO  root:295 - 3 ~ Search for User by Username
2020-12-20 19:31:31 INFO  root:296 - 4 ~ Search for Account by Account number
2020-12-20 19:31:31 INFO  root:297 - 5 ~ View All Pending Accounts
2020-12-20 19:31:33 INFO  root:262 - WE MADE IT TO THE MENUSSSSS BAAAAAYYYBBEEEEEEE
2020-12-20 19:31:33 INFO  root:290 - Hello employee mover
2020-12-20 19:31:33 INFO  root:291 - What would you like to do today??(Enter the number of your choice)
2020-12-20 19:31:33 INFO  root:292 - 0 ~ Log Out
2020-12-20 19:31:33 INFO  root:293 - 1 ~ View All Customers
2020-12-20 19:31:33 INFO  root:294 - 2 ~ View All Accounts
2020-12-20 19:31:33 INFO  root:295 - 3 ~ Search for User by Username
2020-12-20 19:31:33 INFO  root:296 - 4 ~ Search for Account by Account number
2020-12-20 19:31:33 INFO  root:297 - 5 ~ View All Pending Accounts
2020-12-21 14:11:04 INFO  root:250 - WELCOME TO      || T H E    B A N K ||
2020-12-21 14:11:04 INFO  root:82 - Is this a new user? Enter Yes or Y or No or N
2020-12-21 14:11:06 INFO  root:49 - Enter your user name?
2020-12-21 14:11:08 INFO  root:56 - Enter your password?
2020-12-21 14:11:10 INFO  root:274 - WE MADE IT TO THE MENUSSSSS BAAAAAYYYBBEEEEEEE
2020-12-21 14:11:10 INFO  root:302 - Hello employee mover
2020-12-21 14:11:10 INFO  root:303 - What would you like to do today??(Enter the number of your choice)
2020-12-21 14:11:10 INFO  root:304 - 0 ~ Log Out
2020-12-21 14:11:10 INFO  root:305 - 1 ~ View All Customers
2020-12-21 14:11:10 INFO  root:306 - 2 ~ View All Accounts
2020-12-21 14:11:10 INFO  root:307 - 3 ~ Search for User by Username
2020-12-21 14:11:10 INFO  root:308 - 4 ~ Search for Account by Account number
2020-12-21 14:11:10 INFO  root:309 - 5 ~ View All Pending Accounts
2020-12-21 14:11:23 INFO  root:250 - WELCOME TO      || T H E    B A N K ||
2020-12-21 14:11:23 INFO  root:82 - Is this a new user? Enter Yes or Y or No or N
2020-12-21 14:11:36 INFO  root:250 - WELCOME TO      || T H E    B A N K ||
2020-12-21 14:11:36 INFO  root:82 - Is this a new user? Enter Yes or Y or No or N
2020-12-21 14:11:38 INFO  root:49 - Enter your user name?
2020-12-21 14:11:40 INFO  root:56 - Enter your password?
2020-12-21 14:11:41 INFO  root:274 - WE MADE IT TO THE MENUSSSSS BAAAAAYYYBBEEEEEEE
2020-12-21 14:11:41 INFO  root:302 - Hello employee mover
2020-12-21 14:11:41 INFO  root:303 - What would you like to do today??(Enter the number of your choice)
2020-12-21 14:11:41 INFO  root:304 - 0 ~ Log Out
2020-12-21 14:11:41 INFO  root:305 - 1 ~ View All Customers
2020-12-21 14:11:41 INFO  root:306 - 2 ~ View All Accounts
2020-12-21 14:11:41 INFO  root:307 - 3 ~ Search for User by Username
2020-12-21 14:11:41 INFO  root:308 - 4 ~ Search for Account by Account number
2020-12-21 14:11:41 INFO  root:309 - 5 ~ View All Pending Accounts
2020-12-21 14:11:47 INFO  root:274 - WE MADE IT TO THE MENUSSSSS BAAAAAYYYBBEEEEEEE
2020-12-21 14:11:47 INFO  root:302 - Hello employee mover
2020-12-21 14:11:47 INFO  root:303 - What would you like to do today??(Enter the number of your choice)
2020-12-21 14:11:47 INFO  root:304 - 0 ~ Log Out
2020-12-21 14:11:47 INFO  root:305 - 1 ~ View All Customers
2020-12-21 14:11:47 INFO  root:306 - 2 ~ View All Accounts
2020-12-21 14:11:47 INFO  root:307 - 3 ~ Search for User by Username
2020-12-21 14:11:47 INFO  root:308 - 4 ~ Search for Account by Account number
2020-12-21 14:11:47 INFO  root:309 - 5 ~ View All Pending Accounts
2020-12-21 14:47:55 INFO  root:265 - WELCOME TO      || T H E    B A N K ||
2020-12-21 14:47:55 INFO  root:82 - Is this a new user? Enter Yes or Y or No or N
2020-12-21 14:47:57 INFO  root:49 - Enter your user name?
2020-12-21 14:48:00 INFO  root:56 - Enter your password?
2020-12-21 14:48:01 INFO  root:289 - WE MADE IT TO THE MENUSSSSS BAAAAAYYYBBEEEEEEE
2020-12-21 14:48:01 INFO  root:317 - Hello employee mover
2020-12-21 14:48:01 INFO  root:318 - What would you like to do today??(Enter the number of your choice)
2020-12-21 14:48:01 INFO  root:319 - 0 ~ Log Out
2020-12-21 14:48:01 INFO  root:320 - 1 ~ View All Customers
2020-12-21 14:48:01 INFO  root:321 - 2 ~ View All Accounts
2020-12-21 14:48:01 INFO  root:322 - 3 ~ Search for User by Username
2020-12-21 14:48:01 INFO  root:323 - 4 ~ Search for Account by Account number
2020-12-21 14:48:01 INFO  root:324 - 5 ~ View All Pending Accounts
2020-12-21 14:49:37 INFO  root:265 - WELCOME TO      || T H E    B A N K ||
2020-12-21 14:49:37 INFO  root:82 - Is this a new user? Enter Yes or Y or No or N
2020-12-21 14:49:38 INFO  root:49 - Enter your user name?
2020-12-21 14:49:40 INFO  root:56 - Enter your password?
2020-12-21 14:49:42 INFO  root:289 - WE MADE IT TO THE MENUSSSSS BAAAAAYYYBBEEEEEEE
2020-12-21 14:49:42 INFO  root:317 - Hello employee mover
2020-12-21 14:49:42 INFO  root:318 - What would you like to do today??(Enter the number of your choice)
2020-12-21 14:49:42 INFO  root:319 - 0 ~ Log Out
2020-12-21 14:49:42 INFO  root:320 - 1 ~ View All Customers
2020-12-21 14:49:42 INFO  root:321 - 2 ~ View All Accounts
2020-12-21 14:49:42 INFO  root:322 - 3 ~ Search for User by Username
2020-12-21 14:49:42 INFO  root:323 - 4 ~ Search for Account by Account number
2020-12-21 14:49:42 INFO  root:324 - 5 ~ View All Pending Accounts
2020-12-21 14:49:44 INFO  root:289 - WE MADE IT TO THE MENUSSSSS BAAAAAYYYBBEEEEEEE
2020-12-21 14:49:44 INFO  root:317 - Hello employee mover
2020-12-21 14:49:44 INFO  root:318 - What would you like to do today??(Enter the number of your choice)
2020-12-21 14:49:44 INFO  root:319 - 0 ~ Log Out
2020-12-21 14:49:44 INFO  root:320 - 1 ~ View All Customers
2020-12-21 14:49:44 INFO  root:321 - 2 ~ View All Accounts
2020-12-21 14:49:44 INFO  root:322 - 3 ~ Search for User by Username
2020-12-21 14:49:44 INFO  root:323 - 4 ~ Search for Account by Account number
2020-12-21 14:49:44 INFO  root:324 - 5 ~ View All Pending Accounts
2020-12-21 14:50:01 INFO  root:289 - WE MADE IT TO THE MENUSSSSS BAAAAAYYYBBEEEEEEE
2020-12-21 14:50:01 INFO  root:317 - Hello employee mover
2020-12-21 14:50:01 INFO  root:318 - What would you like to do today??(Enter the number of your choice)
2020-12-21 14:50:01 INFO  root:319 - 0 ~ Log Out
2020-12-21 14:50:01 INFO  root:320 - 1 ~ View All Customers
2020-12-21 14:50:01 INFO  root:321 - 2 ~ View All Accounts
2020-12-21 14:50:01 INFO  root:322 - 3 ~ Search for User by Username
2020-12-21 14:50:01 INFO  root:323 - 4 ~ Search for Account by Account number
2020-12-21 14:50:01 INFO  root:324 - 5 ~ View All Pending Accounts
2020-12-21 14:51:57 INFO  root:289 - WE MADE IT TO THE MENUSSSSS BAAAAAYYYBBEEEEEEE
2020-12-21 14:51:57 INFO  root:317 - Hello employee mover
2020-12-21 14:51:57 INFO  root:318 - What would you like to do today??(Enter the number of your choice)
2020-12-21 14:51:57 INFO  root:319 - 0 ~ Log Out
2020-12-21 14:51:57 INFO  root:320 - 1 ~ View All Customers
2020-12-21 14:51:57 INFO  root:321 - 2 ~ View All Accounts
2020-12-21 14:51:57 INFO  root:322 - 3 ~ Search for User by Username
2020-12-21 14:51:57 INFO  root:323 - 4 ~ Search for Account by Account number
2020-12-21 14:51:57 INFO  root:324 - 5 ~ View All Pending Accounts
2020-12-21 18:01:27 INFO  root:399 - WELCOME TO      || T H E    B A N K ||
2020-12-21 18:01:27 INFO  root:82 - Is this a new user? Enter Yes or Y or No or N
2020-12-21 18:01:31 INFO  root:402 - Hello new friend! Lets get you set up with a user log in to our system!
2020-12-21 18:01:31 INFO  root:34 - Enter your desired user name?
2020-12-21 18:01:42 INFO  root:43 - Enter your desired password?
2020-12-21 18:01:44 INFO  root:407 - A new User has been created!
2020-12-21 18:01:44 INFO  root:399 - WELCOME TO      || T H E    B A N K ||
2020-12-21 18:01:44 INFO  root:82 - Is this a new user? Enter Yes or Y or No or N
2020-12-21 18:01:48 INFO  root:49 - Enter your user name?
2020-12-21 18:01:52 INFO  root:56 - Enter your password?
2020-12-21 18:01:55 INFO  root:423 - WE MADE IT TO THE MENUSSSSS BAAAAAYYYBBEEEEEEE
2020-12-21 18:01:55 INFO  root:426 - Welcome roygbiv
2020-12-21 18:01:55 INFO  root:427 - What would you like to do today??(Enter the number of your choice)
2020-12-21 18:01:55 INFO  root:428 - 0	~ Log Out
2020-12-21 18:01:55 INFO  root:429 - 1	~ View your accounts
2020-12-21 18:01:55 INFO  root:430 - 2	~ Apply for a new account
2020-12-21 18:01:55 INFO  root:431 - 3	~ Add an existing account
2020-12-21 18:02:02 INFO  root:423 - WE MADE IT TO THE MENUSSSSS BAAAAAYYYBBEEEEEEE
2020-12-21 18:02:02 INFO  root:426 - Welcome roygbiv
2020-12-21 18:02:02 INFO  root:427 - What would you like to do today??(Enter the number of your choice)
2020-12-21 18:02:02 INFO  root:428 - 0	~ Log Out
2020-12-21 18:02:02 INFO  root:429 - 1	~ View your accounts
2020-12-21 18:02:02 INFO  root:430 - 2	~ Apply for a new account
2020-12-21 18:02:02 INFO  root:431 - 3	~ Add an existing account
2020-12-21 18:02:05 INFO  root:102 - ------------------------------
2020-12-21 18:02:05 INFO  root:103 - Let us create you a safe place to store your hard earned money!
2020-12-21 18:02:05 INFO  root:63 - How much would you like to initially deposit?
2020-12-21 18:02:12 INFO  root:423 - WE MADE IT TO THE MENUSSSSS BAAAAAYYYBBEEEEEEE
2020-12-21 18:02:12 INFO  root:426 - Welcome roygbiv
2020-12-21 18:02:12 INFO  root:427 - What would you like to do today??(Enter the number of your choice)
2020-12-21 18:02:12 INFO  root:428 - 0	~ Log Out
2020-12-21 18:02:12 INFO  root:429 - 1	~ View your accounts
2020-12-21 18:02:12 INFO  root:430 - 2	~ Apply for a new account
2020-12-21 18:02:12 INFO  root:431 - 3	~ Add an existing account
2020-12-21 18:02:20 INFO  root:423 - WE MADE IT TO THE MENUSSSSS BAAAAAYYYBBEEEEEEE
2020-12-21 18:02:20 INFO  root:426 - Welcome roygbiv
2020-12-21 18:02:20 INFO  root:427 - What would you like to do today??(Enter the number of your choice)
2020-12-21 18:02:20 INFO  root:428 - 0	~ Log Out
2020-12-21 18:02:20 INFO  root:429 - 1	~ View your accounts
2020-12-21 18:02:20 INFO  root:430 - 2	~ Apply for a new account
2020-12-21 18:02:20 INFO  root:431 - 3	~ Add an existing account
2020-12-21 18:11:01 INFO  root:400 - WELCOME TO      || T H E    B A N K ||
2020-12-21 18:11:01 INFO  root:82 - Is this a new user? Enter Yes or Y or No or N
2020-12-21 18:11:12 INFO  root:49 - Enter your user name?
2020-12-21 18:11:14 INFO  root:56 - Enter your password?
2020-12-21 18:11:16 INFO  root:451 - Hello employee mover
2020-12-21 18:11:16 INFO  root:452 - What would you like to do today??(Enter the number of your choice)
2020-12-21 18:11:17 INFO  root:453 - 0 ~ Log Out
2020-12-21 18:11:17 INFO  root:454 - 1 ~ View All Customers
2020-12-21 18:11:17 INFO  root:455 - 2 ~ View All Accounts
2020-12-21 18:11:17 INFO  root:456 - 3 ~ Search for User by Username
2020-12-21 18:11:17 INFO  root:457 - 4 ~ Search for Account by Account number
2020-12-21 18:11:17 INFO  root:458 - 5 ~ View All Pending Accounts
2020-12-21 18:11:20 INFO  root:451 - Hello employee mover
2020-12-21 18:11:20 INFO  root:452 - What would you like to do today??(Enter the number of your choice)
2020-12-21 18:11:20 INFO  root:453 - 0 ~ Log Out
2020-12-21 18:11:20 INFO  root:454 - 1 ~ View All Customers
2020-12-21 18:11:20 INFO  root:455 - 2 ~ View All Accounts
2020-12-21 18:11:20 INFO  root:456 - 3 ~ Search for User by Username
2020-12-21 18:11:20 INFO  root:457 - 4 ~ Search for Account by Account number
2020-12-21 18:11:20 INFO  root:458 - 5 ~ View All Pending Accounts
2020-12-21 18:15:01 INFO  root:406 - WELCOME TO      || T H E    B A N K ||
2020-12-21 18:15:01 INFO  root:82 - Is this a new user? Enter Yes or Y or No or N
2020-12-21 18:15:03 INFO  root:49 - Enter your user name?
2020-12-21 18:15:05 INFO  root:56 - Enter your password?
2020-12-21 18:15:06 INFO  root:457 - Hello employee mover
2020-12-21 18:15:06 INFO  root:458 - What would you like to do today??(Enter the number of your choice)
2020-12-21 18:15:06 INFO  root:459 - 0 ~ Log Out
2020-12-21 18:15:06 INFO  root:460 - 1 ~ View All Customers
2020-12-21 18:15:06 INFO  root:461 - 2 ~ View All Accounts
2020-12-21 18:15:06 INFO  root:462 - 3 ~ Search for User by Username
2020-12-21 18:15:06 INFO  root:463 - 4 ~ Search for Account by Account number
2020-12-21 18:15:06 INFO  root:464 - 5 ~ View All Pending Accounts
2020-12-21 18:15:10 INFO  root:457 - Hello employee mover
2020-12-21 18:15:10 INFO  root:458 - What would you like to do today??(Enter the number of your choice)
2020-12-21 18:15:10 INFO  root:459 - 0 ~ Log Out
2020-12-21 18:15:10 INFO  root:460 - 1 ~ View All Customers
2020-12-21 18:15:10 INFO  root:461 - 2 ~ View All Accounts
2020-12-21 18:15:10 INFO  root:462 - 3 ~ Search for User by Username
2020-12-21 18:15:10 INFO  root:463 - 4 ~ Search for Account by Account number
2020-12-21 18:15:10 INFO  root:464 - 5 ~ View All Pending Accounts
2020-12-21 18:15:43 INFO  root:457 - Hello employee mover
2020-12-21 18:15:43 INFO  root:458 - What would you like to do today??(Enter the number of your choice)
2020-12-21 18:15:43 INFO  root:459 - 0 ~ Log Out
2020-12-21 18:15:43 INFO  root:460 - 1 ~ View All Customers
2020-12-21 18:15:43 INFO  root:461 - 2 ~ View All Accounts
2020-12-21 18:15:43 INFO  root:462 - 3 ~ Search for User by Username
2020-12-21 18:15:43 INFO  root:463 - 4 ~ Search for Account by Account number
2020-12-21 18:15:43 INFO  root:464 - 5 ~ View All Pending Accounts
2020-12-21 18:18:15 INFO  root:413 - WELCOME TO      || T H E    B A N K ||
2020-12-21 18:18:15 INFO  root:82 - Is this a new user? Enter Yes or Y or No or N
2020-12-21 18:18:18 INFO  root:49 - Enter your user name?
2020-12-21 18:18:21 INFO  root:56 - Enter your password?
2020-12-21 18:18:23 INFO  root:464 - Hello employee mover
2020-12-21 18:18:23 INFO  root:465 - What would you like to do today??(Enter the number of your choice)
2020-12-21 18:18:23 INFO  root:466 - 0 ~ Log Out
2020-12-21 18:18:23 INFO  root:467 - 1 ~ View All Customers
2020-12-21 18:18:23 INFO  root:468 - 2 ~ View All Accounts
2020-12-21 18:18:23 INFO  root:469 - 3 ~ Search for User by Username
2020-12-21 18:18:23 INFO  root:470 - 4 ~ Search for Account by Account number
2020-12-21 18:18:23 INFO  root:471 - 5 ~ View All Pending Accounts
2020-12-21 18:18:24 INFO  root:464 - Hello employee mover
2020-12-21 18:18:24 INFO  root:465 - What would you like to do today??(Enter the number of your choice)
2020-12-21 18:18:24 INFO  root:466 - 0 ~ Log Out
2020-12-21 18:18:24 INFO  root:467 - 1 ~ View All Customers
2020-12-21 18:18:24 INFO  root:468 - 2 ~ View All Accounts
2020-12-21 18:18:24 INFO  root:469 - 3 ~ Search for User by Username
2020-12-21 18:18:24 INFO  root:470 - 4 ~ Search for Account by Account number
2020-12-21 18:18:24 INFO  root:471 - 5 ~ View All Pending Accounts
2020-12-21 18:19:51 INFO  root:413 - WELCOME TO      || T H E    B A N K ||
2020-12-21 18:19:51 INFO  root:82 - Is this a new user? Enter Yes or Y or No or N
2020-12-21 18:20:00 INFO  root:413 - WELCOME TO      || T H E    B A N K ||
2020-12-21 18:20:00 INFO  root:82 - Is this a new user? Enter Yes or Y or No or N
2020-12-21 18:20:02 INFO  root:49 - Enter your user name?
2020-12-21 18:20:04 INFO  root:56 - Enter your password?
2020-12-21 18:20:05 INFO  root:464 - Hello employee mover
2020-12-21 18:20:05 INFO  root:465 - What would you like to do today??(Enter the number of your choice)
2020-12-21 18:20:05 INFO  root:466 - 0 ~ Log Out
2020-12-21 18:20:05 INFO  root:467 - 1 ~ View All Customers
2020-12-21 18:20:05 INFO  root:468 - 2 ~ View All Accounts
2020-12-21 18:20:05 INFO  root:469 - 3 ~ Search for User by Username
2020-12-21 18:20:05 INFO  root:470 - 4 ~ Search for Account by Account number
2020-12-21 18:20:05 INFO  root:471 - 5 ~ View All Pending Accounts
2020-12-21 18:20:08 INFO  root:464 - Hello employee mover
2020-12-21 18:20:08 INFO  root:465 - What would you like to do today??(Enter the number of your choice)
2020-12-21 18:20:08 INFO  root:466 - 0 ~ Log Out
2020-12-21 18:20:08 INFO  root:467 - 1 ~ View All Customers
2020-12-21 18:20:08 INFO  root:468 - 2 ~ View All Accounts
2020-12-21 18:20:08 INFO  root:469 - 3 ~ Search for User by Username
2020-12-21 18:20:08 INFO  root:470 - 4 ~ Search for Account by Account number
2020-12-21 18:20:08 INFO  root:471 - 5 ~ View All Pending Accounts
2020-12-21 18:21:08 INFO  root:464 - Hello employee mover
2020-12-21 18:21:08 INFO  root:465 - What would you like to do today??(Enter the number of your choice)
2020-12-21 18:21:08 INFO  root:466 - 0 ~ Log Out
2020-12-21 18:21:08 INFO  root:467 - 1 ~ View All Customers
2020-12-21 18:21:08 INFO  root:468 - 2 ~ View All Accounts
2020-12-21 18:21:08 INFO  root:469 - 3 ~ Search for User by Username
2020-12-21 18:21:08 INFO  root:470 - 4 ~ Search for Account by Account number
2020-12-21 18:21:08 INFO  root:471 - 5 ~ View All Pending Accounts
2020-12-21 18:23:58 INFO  root:419 - WELCOME TO      || T H E    B A N K ||
2020-12-21 18:23:58 INFO  root:82 - Is this a new user? Enter Yes or Y or No or N
2020-12-21 18:24:00 INFO  root:49 - Enter your user name?
2020-12-21 18:24:02 INFO  root:56 - Enter your password?
2020-12-21 18:24:04 INFO  root:470 - Hello employee mover
2020-12-21 18:24:04 INFO  root:471 - What would you like to do today??(Enter the number of your choice)
2020-12-21 18:24:04 INFO  root:472 - 0 ~ Log Out
2020-12-21 18:24:04 INFO  root:473 - 1 ~ View All Customers
2020-12-21 18:24:04 INFO  root:474 - 2 ~ View All Accounts
2020-12-21 18:24:04 INFO  root:475 - 3 ~ Search for User by Username
2020-12-21 18:24:04 INFO  root:476 - 4 ~ Search for Account by Account number
2020-12-21 18:24:04 INFO  root:477 - 5 ~ View All Pending Accounts
2020-12-21 18:24:18 INFO  root:470 - Hello employee mover
2020-12-21 18:24:18 INFO  root:471 - What would you like to do today??(Enter the number of your choice)
2020-12-21 18:24:18 INFO  root:472 - 0 ~ Log Out
2020-12-21 18:24:18 INFO  root:473 - 1 ~ View All Customers
2020-12-21 18:24:18 INFO  root:474 - 2 ~ View All Accounts
2020-12-21 18:24:18 INFO  root:475 - 3 ~ Search for User by Username
2020-12-21 18:24:18 INFO  root:476 - 4 ~ Search for Account by Account number
2020-12-21 18:24:18 INFO  root:477 - 5 ~ View All Pending Accounts
2020-12-21 18:25:12 INFO  root:470 - Hello employee mover
2020-12-21 18:25:12 INFO  root:471 - What would you like to do today??(Enter the number of your choice)
2020-12-21 18:25:12 INFO  root:472 - 0 ~ Log Out
2020-12-21 18:25:12 INFO  root:473 - 1 ~ View All Customers
2020-12-21 18:25:12 INFO  root:474 - 2 ~ View All Accounts
2020-12-21 18:25:12 INFO  root:475 - 3 ~ Search for User by Username
2020-12-21 18:25:12 INFO  root:476 - 4 ~ Search for Account by Account number
2020-12-21 18:25:12 INFO  root:477 - 5 ~ View All Pending Accounts
2020-12-21 18:37:15 INFO  root:425 - WELCOME TO      || T H E    B A N K ||
2020-12-21 18:37:15 INFO  root:82 - Is this a new user? Enter Yes or Y or No or N
2020-12-21 18:37:17 INFO  root:49 - Enter your user name?
2020-12-21 18:37:18 INFO  root:56 - Enter your password?
2020-12-21 18:37:19 INFO  root:512 - Made it to Admin menu
2020-12-21 18:37:19 INFO  root:513 - Hello Admin moxie
2020-12-21 18:37:19 INFO  root:514 - What would you like to do today??(Enter the number of your choice)
2020-12-21 18:37:19 INFO  root:515 - 0 ~ Log Out
2020-12-21 18:37:19 INFO  root:516 - 1 ~ View All Customers
2020-12-21 18:37:19 INFO  root:517 - 2 ~ View All Accounts
2020-12-21 18:37:19 INFO  root:518 - 3 ~ Search for User by Username
2020-12-21 18:37:19 INFO  root:519 - 4 ~ Search for Account by Account number
2020-12-21 18:37:19 INFO  root:520 - 5 ~ View All Pending Accounts
2020-12-21 18:48:22 INFO  root:425 - WELCOME TO      || T H E    B A N K ||
2020-12-21 18:48:22 INFO  root:82 - Is this a new user? Enter Yes or Y or No or N
2020-12-21 18:48:25 INFO  root:87 - Please enter either Yes, Y, No, N!
2020-12-21 18:48:25 INFO  root:82 - Is this a new user? Enter Yes or Y or No or N
2020-12-21 18:48:28 INFO  root:49 - Enter your user name?
2020-12-21 18:48:30 INFO  root:56 - Enter your password?
2020-12-21 18:48:31 INFO  root:512 - Made it to Admin menu
2020-12-21 18:48:31 INFO  root:513 - Hello Admin moxie
2020-12-21 18:48:31 INFO  root:514 - What would you like to do today??(Enter the number of your choice)
2020-12-21 18:48:31 INFO  root:515 - 0 ~ Log Out
2020-12-21 18:48:31 INFO  root:516 - 1 ~ View All Customers
2020-12-21 18:48:31 INFO  root:517 - 2 ~ View All Accounts
2020-12-21 18:48:31 INFO  root:518 - 3 ~ Search for User by Username
2020-12-21 18:48:31 INFO  root:519 - 4 ~ Search for Account by Account number
2020-12-21 18:48:31 INFO  root:520 - 5 ~ View All Pending Accounts
2020-12-21 18:49:40 INFO  root:512 - Made it to Admin menu
2020-12-21 18:49:40 INFO  root:513 - Hello Admin moxie
2020-12-21 18:49:40 INFO  root:514 - What would you like to do today??(Enter the number of your choice)
2020-12-21 18:49:40 INFO  root:515 - 0 ~ Log Out
2020-12-21 18:49:40 INFO  root:516 - 1 ~ View All Customers
2020-12-21 18:49:40 INFO  root:517 - 2 ~ View All Accounts
2020-12-21 18:49:40 INFO  root:518 - 3 ~ Search for User by Username
2020-12-21 18:49:40 INFO  root:519 - 4 ~ Search for Account by Account number
2020-12-21 18:49:40 INFO  root:520 - 5 ~ View All Pending Accounts
2020-12-21 18:51:07 INFO  root:512 - Made it to Admin menu
2020-12-21 18:51:07 INFO  root:513 - Hello Admin moxie
2020-12-21 18:51:07 INFO  root:514 - What would you like to do today??(Enter the number of your choice)
2020-12-21 18:51:07 INFO  root:515 - 0 ~ Log Out
2020-12-21 18:51:07 INFO  root:516 - 1 ~ View All Customers
2020-12-21 18:51:07 INFO  root:517 - 2 ~ View All Accounts
2020-12-21 18:51:07 INFO  root:518 - 3 ~ Search for User by Username
2020-12-21 18:51:07 INFO  root:519 - 4 ~ Search for Account by Account number
2020-12-21 18:51:07 INFO  root:520 - 5 ~ View All Pending Accounts
2020-12-21 18:51:29 INFO  root:512 - Made it to Admin menu
2020-12-21 18:51:29 INFO  root:513 - Hello Admin moxie
2020-12-21 18:51:29 INFO  root:514 - What would you like to do today??(Enter the number of your choice)
2020-12-21 18:51:29 INFO  root:515 - 0 ~ Log Out
2020-12-21 18:51:29 INFO  root:516 - 1 ~ View All Customers
2020-12-21 18:51:29 INFO  root:517 - 2 ~ View All Accounts
2020-12-21 18:51:29 INFO  root:518 - 3 ~ Search for User by Username
2020-12-21 18:51:29 INFO  root:519 - 4 ~ Search for Account by Account number
2020-12-21 18:51:29 INFO  root:520 - 5 ~ View All Pending Accounts
2020-12-21 18:54:34 INFO  root:432 - WELCOME TO      || T H E    B A N K ||
2020-12-21 18:54:34 INFO  root:82 - Is this a new user? Enter Yes or Y or No or N
2020-12-21 18:54:36 INFO  root:49 - Enter your user name?
2020-12-21 18:54:41 INFO  root:56 - Enter your password?
2020-12-21 18:54:44 INFO  root:519 - Made it to Admin menu
2020-12-21 18:54:44 INFO  root:520 - Hello Admin moxie
2020-12-21 18:54:44 INFO  root:521 - What would you like to do today??(Enter the number of your choice)
2020-12-21 18:54:44 INFO  root:522 - 0 ~ Log Out
2020-12-21 18:54:44 INFO  root:523 - 1 ~ View All Customers
2020-12-21 18:54:44 INFO  root:524 - 2 ~ View All Accounts
2020-12-21 18:54:44 INFO  root:525 - 3 ~ Search for User by Username
2020-12-21 18:54:44 INFO  root:526 - 4 ~ Search for Account by Account number
2020-12-21 18:54:44 INFO  root:527 - 5 ~ View All Pending Accounts
2020-12-21 18:55:05 INFO  root:519 - Made it to Admin menu
2020-12-21 18:55:05 INFO  root:520 - Hello Admin moxie
2020-12-21 18:55:05 INFO  root:521 - What would you like to do today??(Enter the number of your choice)
2020-12-21 18:55:05 INFO  root:522 - 0 ~ Log Out
2020-12-21 18:55:05 INFO  root:523 - 1 ~ View All Customers
2020-12-21 18:55:05 INFO  root:524 - 2 ~ View All Accounts
2020-12-21 18:55:05 INFO  root:525 - 3 ~ Search for User by Username
2020-12-21 18:55:05 INFO  root:526 - 4 ~ Search for Account by Account number
2020-12-21 18:55:05 INFO  root:527 - 5 ~ View All Pending Accounts
2020-12-21 18:56:12 INFO  root:433 - WELCOME TO      || T H E    B A N K ||
2020-12-21 18:56:12 INFO  root:82 - Is this a new user? Enter Yes or Y or No or N
2020-12-21 18:56:15 INFO  root:49 - Enter your user name?
2020-12-21 18:56:18 INFO  root:56 - Enter your password?
2020-12-21 18:56:20 INFO  root:520 - Made it to Admin menu
2020-12-21 18:56:20 INFO  root:521 - Hello Admin moxie
2020-12-21 18:56:20 INFO  root:522 - What would you like to do today??(Enter the number of your choice)
2020-12-21 18:56:20 INFO  root:523 - 0 ~ Log Out
2020-12-21 18:56:20 INFO  root:524 - 1 ~ View All Customers
2020-12-21 18:56:20 INFO  root:525 - 2 ~ View All Accounts
2020-12-21 18:56:20 INFO  root:526 - 3 ~ Search for User by Username
2020-12-21 18:56:20 INFO  root:527 - 4 ~ Search for Account by Account number
2020-12-21 18:56:20 INFO  root:528 - 5 ~ View All Pending Accounts
2020-12-21 18:56:33 INFO  root:520 - Made it to Admin menu
2020-12-21 18:56:33 INFO  root:521 - Hello Admin moxie
2020-12-21 18:56:33 INFO  root:522 - What would you like to do today??(Enter the number of your choice)
2020-12-21 18:56:33 INFO  root:523 - 0 ~ Log Out
2020-12-21 18:56:33 INFO  root:524 - 1 ~ View All Customers
2020-12-21 18:56:33 INFO  root:525 - 2 ~ View All Accounts
2020-12-21 18:56:33 INFO  root:526 - 3 ~ Search for User by Username
2020-12-21 18:56:33 INFO  root:527 - 4 ~ Search for Account by Account number
2020-12-21 18:56:33 INFO  root:528 - 5 ~ View All Pending Accounts
2020-12-21 18:58:21 INFO  root:520 - Made it to Admin menu
2020-12-21 18:58:21 INFO  root:521 - Hello Admin moxie
2020-12-21 18:58:21 INFO  root:522 - What would you like to do today??(Enter the number of your choice)
2020-12-21 18:58:21 INFO  root:523 - 0 ~ Log Out
2020-12-21 18:58:21 INFO  root:524 - 1 ~ View All Customers
2020-12-21 18:58:21 INFO  root:525 - 2 ~ View All Accounts
2020-12-21 18:58:21 INFO  root:526 - 3 ~ Search for User by Username
2020-12-21 18:58:21 INFO  root:527 - 4 ~ Search for Account by Account number
2020-12-21 18:58:21 INFO  root:528 - 5 ~ View All Pending Accounts
2020-12-21 18:58:24 INFO  root:433 - WELCOME TO      || T H E    B A N K ||
2020-12-21 18:58:24 INFO  root:82 - Is this a new user? Enter Yes or Y or No or N
2020-12-21 18:58:34 INFO  root:49 - Enter your user name?
2020-12-21 18:58:39 INFO  root:56 - Enter your password?
2020-12-21 18:58:41 INFO  root:459 - Welcome alec
2020-12-21 18:58:41 INFO  root:460 - What would you like to do today??(Enter the number of your choice)
2020-12-21 18:58:41 INFO  root:461 - 0	~ Log Out
2020-12-21 18:58:41 INFO  root:462 - 1	~ View your accounts
2020-12-21 18:58:41 INFO  root:463 - 2	~ Apply for a new account
2020-12-21 18:58:41 INFO  root:464 - 3	~ Add an existing account
2020-12-21 19:19:07 INFO  root:97 - User has been validated in database
2020-12-21 19:19:07 INFO  root:460 - User named: alec with user priv: chas logged in
2020-12-21 19:20:45 INFO  root:97 - User has been validated in database
2020-12-21 19:20:45 INFO  root:460 - User named: alec with user priv: c has logged in
2020-12-21 19:25:16 INFO  root:97 - User has been validated in database
2020-12-21 19:25:16 INFO  root:460 - User named: alec with user priv: c has logged in
2020-12-21 19:25:22 INFO  root:460 - User named: alec with user priv: c has logged in
2020-12-21 19:29:15 INFO  root:97 - User has been validated in database
2020-12-21 19:29:15 INFO  root:460 - User named: alec with user priv: c has logged in
2020-12-21 19:45:47 INFO  root:105 - Username does not exist
2020-12-21 19:46:48 INFO  root:105 - Username does not exist
2020-12-21 19:47:29 INFO  root:105 - Username does not exist
2020-12-21 19:47:37 INFO  root:99 - User has been validated in database
2020-12-21 19:47:37 INFO  root:469 - User named: alec with user priv: c has logged in
2020-12-22 16:39:14 INFO  root:450 - A new user has been created and added to the database
2020-12-22 16:39:24 INFO  root:101 - Invalid user creds entered
2020-12-22 16:39:41 INFO  root:99 - User has been validated in database
2020-12-22 16:39:41 INFO  root:469 - User named: user1 with user priv: c has logged in
2020-12-22 16:39:47 INFO  root:469 - User named: user1 with user priv: c has logged in
2020-12-22 16:40:13 INFO  root:72 - Please enter a valid non-negative dollar amount!
2020-12-22 16:40:21 INFO  root:122 - An account has been requested for user: user1
2020-12-22 16:40:21 INFO  root:469 - User named: user1 with user priv: c has logged in
2020-12-22 16:40:31 INFO  root:469 - User named: user1 with user priv: c has logged in
2020-12-22 16:44:55 INFO  root:99 - User has been validated in database
2020-12-22 16:44:55 INFO  root:473 - User named: alec with user priv: c has logged in
2020-12-22 16:45:35 INFO  root:473 - User named: alec with user priv: c has logged in
2020-12-22 17:06:01 INFO  root:454 - A new user has been created and added to the database
2020-12-22 17:06:39 INFO  root:454 - A new user has been created and added to the database
2020-12-22 17:06:56 INFO  root:101 - Invalid user creds entered
2020-12-22 17:07:09 INFO  root:99 - User has been validated in database
2020-12-22 17:07:09 INFO  root:473 - User named: ipad with user priv: c has logged in
2020-12-22 17:07:35 INFO  root:473 - User named: ipad with user priv: c has logged in
2020-12-22 17:07:46 INFO  root:72 - Please enter a valid non-negative dollar amount!
2020-12-22 17:07:59 INFO  root:126 - An account has been requested for user: ipad
2020-12-22 17:07:59 INFO  root:473 - User named: ipad with user priv: c has logged in
2020-12-22 17:08:28 INFO  root:473 - User named: ipad with user priv: c has logged in
2020-12-22 17:08:52 INFO  root:99 - User has been validated in database
2020-12-22 17:08:52 INFO  root:498 - User named: mover with user priv: ehas logged in
2020-12-22 17:09:23 INFO  root:498 - User named: mover with user priv: ehas logged in
2020-12-22 17:09:39 INFO  root:498 - User named: mover with user priv: ehas logged in
2020-12-22 17:10:14 INFO  root:422 - Account with account number: 4883905740109601973has been accessed from the database.
2020-12-22 17:10:14 INFO  root:498 - User named: mover with user priv: ehas logged in
2020-12-22 17:10:45 INFO  root:392 - account: 4883905740109601973 has been selected to be aproved
2020-12-22 17:10:45 INFO  root:395 - account: 4883905740109601973 has been approved and database has been updated
2020-12-22 17:10:45 INFO  root:498 - User named: mover with user priv: ehas logged in
2020-12-22 17:11:00 INFO  root:422 - Account with account number: 4883905740109601973has been accessed from the database.
2020-12-22 17:11:00 INFO  root:498 - User named: mover with user priv: ehas logged in
2020-12-22 17:11:22 INFO  root:99 - User has been validated in database
2020-12-22 17:11:22 INFO  root:535 - User named: moxie with user priv: ahas logged in
2020-12-22 17:11:40 INFO  root:535 - User named: moxie with user priv: ahas logged in
2020-12-22 17:11:43 INFO  root:535 - User named: moxie with user priv: ahas logged in
2020-12-22 17:11:59 INFO  root:440 - Account with account number: 4883905740109601973has been accessed from the database.
2020-12-22 17:13:19 INFO  root:535 - User named: moxie with user priv: ahas logged in
2020-12-22 17:13:26 INFO  root:440 - Account with account number: 123456789013has been accessed from the database.
2020-12-22 17:13:34 INFO  root:535 - User named: moxie with user priv: ahas logged in
2020-12-22 17:13:52 INFO  root:392 - account: 8205682052533508342 has been selected to be aproved
2020-12-22 17:13:52 INFO  root:395 - account: 8205682052533508342 has been approved and database has been updated
2020-12-22 17:13:52 INFO  root:535 - User named: moxie with user priv: ahas logged in
2020-12-22 17:40:23 INFO  root:454 - A new user has been created and added to the database
2020-12-22 17:40:28 INFO  root:99 - User has been validated in database
2020-12-22 17:40:28 INFO  root:473 - User named: mouse with user priv: c has logged in
2020-12-22 17:40:39 INFO  root:126 - An account has been requested for user: mouse
2020-12-22 17:40:39 INFO  root:473 - User named: mouse with user priv: c has logged in
2020-12-22 17:41:02 INFO  root:473 - User named: mouse with user priv: c has logged in
2020-12-22 17:41:15 INFO  root:99 - User has been validated in database
2020-12-22 17:41:15 INFO  root:498 - User named: mover with user priv: ehas logged in
2020-12-22 17:41:18 INFO  root:498 - User named: mover with user priv: ehas logged in
2020-12-22 17:41:28 INFO  root:392 - account: 3234518865810566915 has been selected to be aproved
2020-12-22 17:41:28 INFO  root:395 - account: 3234518865810566915 has been approved and database has been updated
2020-12-22 17:41:28 INFO  root:498 - User named: mover with user priv: ehas logged in
2020-12-22 17:41:37 INFO  root:99 - User has been validated in database
2020-12-22 17:41:37 INFO  root:473 - User named: mouse with user priv: c has logged in
2020-12-23 07:43:04 INFO  root:99 - User has been validated in database
2020-12-23 07:43:04 INFO  root:473 - User named: alec with user priv: c has logged in
2020-12-23 07:47:05 INFO  root:99 - User has been validated in database
2020-12-23 07:47:05 INFO  root:473 - User named: alec with user priv: c has logged in
2020-12-23 07:48:10 INFO  root:99 - User has been validated in database
2020-12-23 07:49:12 INFO  root:99 - User has been validated in database
2020-12-23 07:49:12 INFO  root:535 - User named: moxie with user priv: ahas logged in
2020-12-23 07:49:46 INFO  root:99 - User has been validated in database
2020-12-23 07:50:01 INFO  root:99 - User has been validated in database
2020-12-23 07:52:51 INFO  root:440 - 
Account with account number: 8830412603138846763has been accessed from the database.

2020-12-23 07:57:48 INFO  root:99 - User has been validated in database
2020-12-23 07:58:11 INFO  root:440 - 
Account with account number: 4883905740109601973has been accessed from the database.

2020-12-23 08:42:47 INFO  root:99 - User has been validated in database
2020-12-23 08:46:38 INFO  root:99 - User has been validated in database
2020-12-23 09:00:36 INFO  root:99 - User has been validated in database
2020-12-23 09:06:23 INFO  Driver:20 - User has been validated in database
2020-12-23 09:08:42 INFO  Driver:20 - User has been validated in database
2020-12-23 09:14:55 INFO  root:458 - 
A new user has been created and added to the database

2020-12-23 09:21:35 INFO  root:459 - 
A new user has been created and added to the database

2020-12-23 09:22:10 INFO  Driver:20 - User has been validated in database
2020-12-23 09:24:43 INFO  root:465 - 
A new user has been created and added to the database

2020-12-23 09:25:15 INFO  root:466 - 
A new user has been created and added to the database

2020-12-23 09:26:13 INFO  root:465 - 
A new user has been created and added to the database

2020-12-23 09:26:46 INFO  Driver:20 - User has been validated in database
2020-12-23 09:28:32 INFO  root:465 - 
A new user has been created and added to the database

2020-12-23 09:28:40 INFO  Driver:20 - User has been validated in database
2020-12-23 10:29:03 INFO  Driver:20 - User has been validated in database
2020-12-23 10:30:17 INFO  Driver:20 - User has been validated in database
